<?xml version="1.0" encoding="utf-8"?><testsuites name="pytest tests"><testsuite name="pytest" errors="0" failures="2" skipped="0" tests="41" time="3.202" timestamp="2026-08-10T06:42:14.638371+00:00" hostname="agent-env-a50bd6c9-67e2-40b6-82a8-bcf244726c89"><testcase classname="tests.test_forces_api" name="test_migration_row_counts_match_source_json" time="0.009"><failure message="AssertionError: missions count mismatch for force ghost-bear: db=3 json=2&#10;assert 3 == 2&#10; +  where 2 = len([{'name': &quot;T01 - Teddy Bear's Picnic&quot;, 'cost': 400, 'description': 'Attacker\nI take the &quot;Dig In&quot; option\nOpFor takes ...title': 'Hold the field', 'description': 'Destroy or cripple 100% of the opposing force', 'wpReward': 100, ...}], ...}])&#10; +    where [{'name': &quot;T01 - Teddy Bear's Picnic&quot;, 'cost': 400, 'description': 'Attacker\nI take the &quot;Dig In&quot; option\nOpFor takes ...title': 'Hold the field', 'description': 'Destroy or cripple 100% of the opposing force', 'wpReward': 100, ...}], ...}] = &lt;built-in method get of dict object at 0xff4f6a2ced80&gt;('missions', [])&#10; +      where &lt;built-in method get of dict object at 0xff4f6a2ced80&gt; = {'id': 'ghost-bear', 'name': 'Bluefang Trinary', 'description': '', 'image': '', ...}.get">tests/test_forces_api.py:40: in test_migration_row_counts_match_source_json
    assert db_count == len(raw.get(key, [])), (
E   AssertionError: missions count mismatch for force ghost-bear: db=3 json=2
E   assert 3 == 2
E    +  where 2 = len([{'name': "T01 - Teddy Bear's Picnic", 'cost': 400, 'description': 'Attacker\nI take the "Dig In" option\nOpFor takes ...title': 'Hold the field', 'description': 'Destroy or cripple 100% of the opposing force', 'wpReward': 100, ...}], ...}])
E    +    where [{'name': "T01 - Teddy Bear's Picnic", 'cost': 400, 'description': 'Attacker\nI take the "Dig In" option\nOpFor takes ...title': 'Hold the field', 'description': 'Destroy or cripple 100% of the opposing force', 'wpReward': 100, ...}], ...}] = &lt;built-in method get of dict object at 0xff4f6a2ced80&gt;('missions', [])
E    +      where &lt;built-in method get of dict object at 0xff4f6a2ced80&gt; = {'id': 'ghost-bear', 'name': 'Bluefang Trinary', 'description': '', 'image': '', ...}.get</failure></testcase><testcase classname="tests.test_forces_api" name="test_list_forces_endpoint" time="0.011" /><testcase classname="tests.test_forces_api" name="test_get_force_detail_endpoint_matches_source" time="0.025"><failure message="assert 1542 == 1564">tests/test_forces_api.py:73: in test_get_force_detail_endpoint_matches_source
    assert data["currentWarchest"] == raw["currentWarchest"]
E   assert 1542 == 1564</failure></testcase><testcase classname="tests.test_forces_api" name="test_get_force_detail_404_for_unknown_force" time="0.002" /><testcase classname="tests.test_health.TestHealthEndpoints" name="test_internal_health_no_prefix" time="0.004" /><testcase classname="tests.test_health.TestHealthEndpoints" name="test_internal_api_health" time="0.002" /><testcase classname="tests.test_health.TestHealthEndpoints" name="test_external_api_health_via_ingress" time="0.273" /><testcase classname="tests.test_health.TestAlembicBaseline" name="test_sqlite_db_file_exists" time="0.000" /><testcase classname="tests.test_health.TestAlembicBaseline" name="test_alembic_version_table_and_baseline_revision" time="0.001" /><testcase classname="tests.test_health.TestFrontendUntouched" name="test_frontend_root_loads" time="0.099" /><testcase classname="tests.test_legacy_import_round_trip" name="test_legacy_import_round_trip_is_lossless" time="0.034" /><testcase classname="tests.test_mech_catalog" name="test_reimport_is_idempotent_and_row_count_matches_unique_csv_entries" time="0.450" /><testcase classname="tests.test_mech_catalog" name="test_search_below_min_length_returns_empty" time="0.002" /><testcase classname="tests.test_mech_catalog" name="test_search_accuracy_matches_chassis_and_model" time="0.091" /><testcase classname="tests.test_mech_catalog" name="test_search_results_capped_at_50" time="0.001" /><testcase classname="tests.test_mech_catalog" name="test_search_no_results_for_unknown_term" time="0.059" /><testcase classname="tests.test_pilot_special_abilities" name="test_pilot_spa_pool_crud_and_pilot_linking" time="0.081" /><testcase classname="tests.test_pilot_special_abilities" name="test_deleting_pilot_spa_cascades_assignments" time="0.044" /><testcase classname="tests.test_reference_config_endpoints" name="test_downtime_actions_config" time="0.002" /><testcase classname="tests.test_reference_config_endpoints" name="test_sp_choices_list" time="0.003" /><testcase classname="tests.test_reference_config_endpoints" name="test_achievement_definitions_list" time="0.002" /><testcase classname="tests.test_reference_config_endpoints" name="test_mech_downtime_repair_armor_persists" time="0.056" /><testcase classname="tests.test_reference_pools" name="test_catalog_seed_is_idempotent_and_covers_real_json_files" time="0.036" /><testcase classname="tests.test_reference_pools" name="test_repeated_sp_purchase_of_same_choice_creates_two_separate_line_items" time="0.039" /><testcase classname="tests.test_reference_pools" name="test_catalog_price_change_does_not_retroactively_alter_historical_cost" time="0.056" /><testcase classname="tests.test_reference_pools" name="test_pilot_achievements_api_flow" time="0.044" /><testcase classname="tests.test_reference_pools" name="test_forces_detail_serializes_normalized_achievements_and_sp_purchases" time="0.018" /><testcase classname="tests.test_special_abilities" name="test_migration_dedupes_shared_ability_across_two_forces" time="0.040" /><testcase classname="tests.test_special_abilities" name="test_special_abilities_pool_crud_and_force_linking" time="0.070" /><testcase classname="tests.test_watcher" name="test_validate_header" time="0.000" /><testcase classname="tests.test_watcher" name="test_process_csv_file_upserts_by_mul_id_within_same_file" time="0.023" /><testcase classname="tests.test_watcher" name="test_process_csv_file_rejects_malformed_header" time="0.002" /><testcase classname="tests.test_watcher" name="test_handle_dropped_file_archives_valid_file_with_timestamp" time="0.021" /><testcase classname="tests.test_watcher" name="test_handle_dropped_file_quarantines_malformed_file_with_log" time="0.002" /><testcase classname="tests.test_watcher" name="test_real_filesystem_drop_is_detected_and_processed_end_to_end" time="0.816" /><testcase classname="tests.test_watcher" name="test_start_watcher_is_disabled_when_env_var_not_set" time="0.000" /><testcase classname="tests.test_write_api_lifecycle" name="test_full_lifecycle_create_force_mech_pilot_mission_complete" time="0.115" /><testcase classname="tests.test_write_api_lifecycle" name="test_pilot_downtime_heal_injury_and_training" time="0.057" /><testcase classname="tests.test_write_api_lifecycle" name="test_elemental_downtime_repair_and_purchase" time="0.047" /><testcase classname="tests.test_write_api_lifecycle" name="test_create_mech_and_pilot_requires_existing_force" time="0.007" /><testcase classname="tests.test_write_api_lifecycle" name="test_update_and_delete_mech" time="0.053" /></testsuite></testsuites>