<?xml version="1.0" encoding="utf-8"?><testsuites name="pytest tests"><testsuite name="pytest" errors="0" failures="0" skipped="0" tests="7" time="0.638" timestamp="2026-08-10T09:36:04.048078+00:00" hostname="agent-env-c6042975-5a07-4028-ae11-09414f27c5e2"><testcase classname="backend.tests.test_data_parity" name="test_forces_list_matches_manifest" time="0.178" /><testcase classname="backend.tests.test_data_parity" name="test_ghost_bear_parity" time="0.085" /><testcase classname="backend.tests.test_data_parity" name="test_91st_division_parity" time="0.049" /><testcase classname="backend.tests.test_data_parity" name="test_mech_catalog_atlas" time="0.120" /><testcase classname="backend.tests.test_data_parity" name="test_sp_choices_parity" time="0.043" /><testcase classname="backend.tests.test_data_parity" name="test_achievements_parity" time="0.044" /><testcase classname="backend.tests.test_data_parity" name="test_downtime_actions_parity" time="0.043" /></testsuite></testsuites>