<?xml version="1.0" encoding="utf-8"?><testsuites name="pytest tests"><testsuite name="pytest" errors="0" failures="0" skipped="0" tests="24" time="1.649" timestamp="2026-07-19T15:27:44.432715+00:00" hostname="agent-env-74f0460d-8c6c-427d-90e1-61960e96d92f"><testcase classname="tests.test_forces_api" name="test_migration_row_counts_match_source_json" time="0.020" /><testcase classname="tests.test_forces_api" name="test_list_forces_endpoint" time="0.005" /><testcase classname="tests.test_forces_api" name="test_get_force_detail_endpoint_matches_source" time="0.021" /><testcase classname="tests.test_forces_api" name="test_get_force_detail_404_for_unknown_force" time="0.003" /><testcase classname="tests.test_health.TestHealthEndpoints" name="test_internal_health_no_prefix" time="0.004" /><testcase classname="tests.test_health.TestHealthEndpoints" name="test_internal_api_health" time="0.002" /><testcase classname="tests.test_health.TestHealthEndpoints" name="test_external_api_health_via_ingress" time="0.308" /><testcase classname="tests.test_health.TestAlembicBaseline" name="test_sqlite_db_file_exists" time="0.000" /><testcase classname="tests.test_health.TestAlembicBaseline" name="test_alembic_version_table_and_baseline_revision" time="0.001" /><testcase classname="tests.test_health.TestFrontendUntouched" name="test_frontend_root_loads" time="0.145" /><testcase classname="tests.test_mech_catalog" name="test_reimport_is_idempotent_and_row_count_matches_unique_csv_entries" time="0.328" /><testcase classname="tests.test_mech_catalog" name="test_search_below_min_length_returns_empty" time="0.002" /><testcase classname="tests.test_mech_catalog" name="test_search_accuracy_matches_chassis_and_model" time="0.073" /><testcase classname="tests.test_mech_catalog" name="test_search_results_capped_at_50" time="0.001" /><testcase classname="tests.test_mech_catalog" name="test_search_no_results_for_unknown_term" time="0.026" /><testcase classname="tests.test_pilot_special_abilities" name="test_pilot_spa_pool_crud_and_pilot_linking" time="0.046" /><testcase classname="tests.test_pilot_special_abilities" name="test_deleting_pilot_spa_cascades_assignments" time="0.022" /><testcase classname="tests.test_reference_pools" name="test_catalog_seed_is_idempotent_and_covers_real_json_files" time="0.033" /><testcase classname="tests.test_reference_pools" name="test_repeated_sp_purchase_of_same_choice_creates_two_separate_line_items" time="0.023" /><testcase classname="tests.test_reference_pools" name="test_catalog_price_change_does_not_retroactively_alter_historical_cost" time="0.052" /><testcase classname="tests.test_reference_pools" name="test_pilot_achievements_api_flow" time="0.028" /><testcase classname="tests.test_reference_pools" name="test_forces_detail_serializes_normalized_achievements_and_sp_purchases" time="0.016" /><testcase classname="tests.test_special_abilities" name="test_migration_dedupes_shared_ability_across_two_forces" time="0.022" /><testcase classname="tests.test_special_abilities" name="test_special_abilities_pool_crud_and_force_linking" time="0.043" /></testsuite></testsuites>