<?xml version="1.0" encoding="utf-8"?><testsuites name="pytest tests"><testsuite name="pytest" errors="0" failures="0" skipped="0" tests="40" time="3.081" timestamp="2026-08-10T12:20:49.350130+00:00" hostname="agent-env-c7bc1639-1877-4c5c-870e-1280f431afe7"><testcase classname="tests.test_forces_api" name="test_committed_forces_row_counts_match_known_state" time="0.020" /><testcase classname="tests.test_forces_api" name="test_list_forces_endpoint" time="0.007" /><testcase classname="tests.test_forces_api" name="test_get_force_detail_endpoint_matches_known_state" time="0.023" /><testcase classname="tests.test_forces_api" name="test_get_force_detail_404_for_unknown_force" time="0.002" /><testcase classname="tests.test_health.TestHealthEndpoints" name="test_internal_health_no_prefix" time="0.004" /><testcase classname="tests.test_health.TestHealthEndpoints" name="test_internal_api_health" time="0.002" /><testcase classname="tests.test_health.TestHealthEndpoints" name="test_external_api_health_via_ingress" time="0.319" /><testcase classname="tests.test_health.TestAlembicBaseline" name="test_sqlite_db_file_exists" time="0.000" /><testcase classname="tests.test_health.TestAlembicBaseline" name="test_alembic_version_table_and_baseline_revision" time="0.001" /><testcase classname="tests.test_health.TestFrontendUntouched" name="test_frontend_root_loads" time="0.146" /><testcase classname="tests.test_mech_catalog" name="test_reimport_is_idempotent_for_a_dropped_csv" time="0.118" /><testcase classname="tests.test_mech_catalog" name="test_search_below_min_length_returns_empty" time="0.002" /><testcase classname="tests.test_mech_catalog" name="test_search_accuracy_matches_chassis_and_model" time="0.093" /><testcase classname="tests.test_mech_catalog" name="test_search_results_capped_at_50" time="0.001" /><testcase classname="tests.test_mech_catalog" name="test_search_no_results_for_unknown_term" time="0.033" /><testcase classname="tests.test_pilot_special_abilities" name="test_pilot_spa_pool_crud_and_pilot_linking" time="0.059" /><testcase classname="tests.test_pilot_special_abilities" name="test_deleting_pilot_spa_cascades_assignments" time="0.032" /><testcase classname="tests.test_reference_config_endpoints" name="test_downtime_actions_config" time="0.003" /><testcase classname="tests.test_reference_config_endpoints" name="test_sp_choices_list" time="0.044" /><testcase classname="tests.test_reference_config_endpoints" name="test_achievement_definitions_list" time="0.044" /><testcase classname="tests.test_reference_config_endpoints" name="test_mech_downtime_repair_armor_persists" time="0.247" /><testcase classname="tests.test_reference_pools" name="test_reference_pools_are_prefilled_in_committed_db" time="0.003" /><testcase classname="tests.test_reference_pools" name="test_repeated_sp_purchase_of_same_choice_creates_two_separate_line_items" time="0.038" /><testcase classname="tests.test_reference_pools" name="test_catalog_price_change_does_not_retroactively_alter_historical_cost" time="0.030" /><testcase classname="tests.test_reference_pools" name="test_pilot_achievements_api_flow" time="0.033" /><testcase classname="tests.test_reference_pools" name="test_forces_detail_serializes_normalized_achievements_and_sp_purchases" time="0.018" /><testcase classname="tests.test_special_abilities" name="test_shared_ability_dedupes_across_two_forces_via_api" time="0.039" /><testcase classname="tests.test_special_abilities" name="test_special_abilities_pool_crud_and_force_linking" time="0.054" /><testcase classname="tests.test_watcher" name="test_validate_header" time="0.000" /><testcase classname="tests.test_watcher" name="test_process_csv_file_upserts_by_mul_id_within_same_file" time="0.017" /><testcase classname="tests.test_watcher" name="test_process_csv_file_rejects_malformed_header" time="0.003" /><testcase classname="tests.test_watcher" name="test_handle_dropped_file_archives_valid_file_with_timestamp" time="0.017" /><testcase classname="tests.test_watcher" name="test_handle_dropped_file_quarantines_malformed_file_with_log" time="0.002" /><testcase classname="tests.test_watcher" name="test_real_filesystem_drop_is_detected_and_processed_end_to_end" time="0.812" /><testcase classname="tests.test_watcher" name="test_start_watcher_is_disabled_when_env_var_not_set" time="0.000" /><testcase classname="tests.test_write_api_lifecycle" name="test_full_lifecycle_create_force_mech_pilot_mission_complete" time="0.090" /><testcase classname="tests.test_write_api_lifecycle" name="test_pilot_downtime_heal_injury_and_training" time="0.039" /><testcase classname="tests.test_write_api_lifecycle" name="test_elemental_downtime_repair_and_purchase" time="0.043" /><testcase classname="tests.test_write_api_lifecycle" name="test_create_mech_and_pilot_requires_existing_force" time="0.007" /><testcase classname="tests.test_write_api_lifecycle" name="test_update_and_delete_mech" time="0.032" /></testsuite></testsuites>