<?xml version="1.0" encoding="utf-8"?><testsuites name="pytest tests"><testsuite name="pytest" errors="0" failures="0" skipped="0" tests="11" time="4.081" timestamp="2026-08-12T04:53:08.415976+00:00" hostname="agent-env-59f8cfd6-4222-4bd2-84bb-b2b1c30b3bf3"><testcase classname="backend.tests.test_force_state_snapshots" name="test_create_returns_expected_shape" time="0.365" /><testcase classname="backend.tests.test_force_state_snapshots" name="test_list_newest_first" time="0.335" /><testcase classname="backend.tests.test_force_state_snapshots" name="test_retention_cap_three" time="0.554" /><testcase classname="backend.tests.test_force_state_snapshots" name="test_post_downtime_consecutive_merge" time="0.366" /><testcase classname="backend.tests.test_force_state_snapshots" name="test_mission_separates_downtime_no_merge" time="0.312" /><testcase classname="backend.tests.test_force_state_snapshots" name="test_restore_no_body_accepted_and_drops_newer" time="0.555" /><testcase classname="backend.tests.test_force_state_snapshots" name="test_restore_ignores_backup_flag_still_works" time="0.314" /><testcase classname="backend.tests.test_force_state_snapshots" name="test_old_snapshots_endpoints_gone" time="0.099" /><testcase classname="backend.tests.test_force_state_snapshots" name="test_image_survives_snapshot_delete_restore" time="0.909" /><testcase classname="backend.tests.test_force_state_snapshots" name="test_create_on_missing_force_404" time="0.050" /><testcase classname="backend.tests.test_force_state_snapshots" name="test_restore_missing_snapshot_404" time="0.168" /></testsuite></testsuites>